<?xml version="1.0" encoding="UTF-8"?>
<testng-results skipped="0" failed="0" total="1" passed="1">
  <reporter-output>
  </reporter-output>
  <suite name="Suite" duration-ms="7000" started-at="2019-03-28T01:20:23Z" finished-at="2019-03-28T01:20:30Z">
    <groups>
    </groups>
    <test name="Test" duration-ms="7000" started-at="2019-03-28T01:20:23Z" finished-at="2019-03-28T01:20:30Z">
      <class name="baidu.bai">
        <test-method status="PASS" signature="openfire()[pri:0, instance:baidu.bai@33e5ccce]" name="openfire" is-config="true" duration-ms="6655" started-at="2019-03-28T09:20:23Z" finished-at="2019-03-28T09:20:29Z">
          <reporter-output>
          </reporter-output>
        </test-method> <!-- openfire -->
        <test-method status="PASS" signature="login()[pri:0, instance:baidu.bai@33e5ccce]" name="login" duration-ms="328" started-at="2019-03-28T09:20:29Z" finished-at="2019-03-28T09:20:30Z">
          <reporter-output>
          </reporter-output>
        </test-method> <!-- login -->
      </class> <!-- baidu.bai -->
    </test> <!-- Test -->
  </suite> <!-- Suite -->
</testng-results>
