<?xml version="1.0" encoding="UTF-8"?>
<testng-results skipped="0" failed="0" total="1" passed="1">
  <reporter-output>
  </reporter-output>
  <suite name="Suite" duration-ms="9026" started-at="2019-03-28T01:15:05Z" finished-at="2019-03-28T01:15:14Z">
    <groups>
    </groups>
    <test name="Test" duration-ms="9026" started-at="2019-03-28T01:15:05Z" finished-at="2019-03-28T01:15:14Z">
      <class name="baidu.bai">
        <test-method status="PASS" signature="openfire()[pri:0, instance:baidu.bai@387c703b]" name="openfire" is-config="true" duration-ms="8745" started-at="2019-03-28T09:15:05Z" finished-at="2019-03-28T09:15:13Z">
          <reporter-output>
          </reporter-output>
        </test-method> <!-- openfire -->
        <test-method status="PASS" signature="login()[pri:0, instance:baidu.bai@387c703b]" name="login" duration-ms="261" started-at="2019-03-28T09:15:13Z" finished-at="2019-03-28T09:15:14Z">
          <reporter-output>
          </reporter-output>
        </test-method> <!-- login -->
      </class> <!-- baidu.bai -->
    </test> <!-- Test -->
  </suite> <!-- Suite -->
</testng-results>
